2024/02/08 23:10:53 [notice] 1#1: using the "epoll" event method
2024/02/08 23:10:53 [notice] 1#1: nginx/1.23.3
2024/02/08 23:10:53 [notice] 1#1: built by gcc 12.2.1 20220924 (Alpine 12.2.1_git20220924-r4) 
2024/02/08 23:10:53 [notice] 1#1: OS: Linux 5.15.133.1-microsoft-standard-WSL2
2024/02/08 23:10:53 [notice] 1#1: getrlimit(RLIMIT_NOFILE): 1048576:1048576
2024/02/08 23:10:53 [notice] 1#1: start worker processes
2024/02/08 23:10:53 [notice] 1#1: start worker process 20
2024/02/08 23:10:53 [notice] 1#1: start worker process 21
2024/02/08 23:10:53 [notice] 1#1: start worker process 22
2024/02/08 23:10:53 [notice] 1#1: start worker process 23
2024/02/08 23:10:53 [notice] 1#1: start worker process 24
2024/02/08 23:10:53 [notice] 1#1: start worker process 25
2024/02/08 23:10:53 [notice] 1#1: start worker process 26
2024/02/08 23:10:53 [notice] 1#1: start worker process 27
2024/02/08 23:10:53 [notice] 1#1: start worker process 28
2024/02/08 23:10:53 [notice] 1#1: start worker process 29
2024/02/08 23:10:53 [notice] 1#1: start worker process 30
2024/02/08 23:10:53 [notice] 1#1: start worker process 31
2024/02/08 23:10:53 [notice] 1#1: start worker process 32
2024/02/08 23:10:53 [notice] 1#1: start worker process 33
2024/02/08 23:10:53 [notice] 1#1: start worker process 34
2024/02/08 23:10:53 [notice] 1#1: start worker process 35
2024/02/08 23:10:54 [error] 20#20: *1 connect() failed (111: Connection refused) while connecting to upstream, client: 172.26.0.1, server: , request: "GET / HTTP/1.1", upstream: "fastcgi://172.26.0.2:9000", host: "localhost:8087"
2024/02/08 23:11:17 [error] 22#22: *4 connect() failed (111: Connection refused) while connecting to upstream, client: 172.26.0.1, server: , request: "GET /login HTTP/1.1", upstream: "fastcgi://172.26.0.2:9000", host: "127.0.0.1:8087"
2024/02/08 23:11:22 [error] 22#22: *4 connect() failed (111: Connection refused) while connecting to upstream, client: 172.26.0.1, server: , request: "GET / HTTP/1.1", upstream: "fastcgi://172.26.0.2:9000", host: "127.0.0.1:8087"
2024/02/08 23:11:24 [error] 22#22: *4 connect() failed (111: Connection refused) while connecting to upstream, client: 172.26.0.1, server: , request: "GET / HTTP/1.1", upstream: "fastcgi://172.26.0.2:9000", host: "127.0.0.1:8087"
2024/02/08 23:11:24 [error] 22#22: *4 connect() failed (111: Connection refused) while connecting to upstream, client: 172.26.0.1, server: , request: "GET / HTTP/1.1", upstream: "fastcgi://172.26.0.2:9000", host: "127.0.0.1:8087"
2024/02/08 23:11:25 [error] 22#22: *4 connect() failed (111: Connection refused) while connecting to upstream, client: 172.26.0.1, server: , request: "GET / HTTP/1.1", upstream: "fastcgi://172.26.0.2:9000", host: "127.0.0.1:8087"
2024/02/08 23:11:25 [error] 22#22: *4 connect() failed (111: Connection refused) while connecting to upstream, client: 172.26.0.1, server: , request: "GET / HTTP/1.1", upstream: "fastcgi://172.26.0.2:9000", host: "127.0.0.1:8087"
2024/02/08 23:14:06 [notice] 1#1: signal 3 (SIGQUIT) received, shutting down
2024/02/08 23:14:06 [notice] 20#20: gracefully shutting down
2024/02/08 23:14:06 [notice] 21#21: gracefully shutting down
2024/02/08 23:14:06 [notice] 22#22: gracefully shutting down
2024/02/08 23:14:06 [notice] 20#20: exiting
2024/02/08 23:14:06 [notice] 21#21: exiting
2024/02/08 23:14:06 [notice] 24#24: gracefully shutting down
2024/02/08 23:14:06 [notice] 22#22: exiting
2024/02/08 23:14:06 [notice] 26#26: gracefully shutting down
2024/02/08 23:14:06 [notice] 27#27: gracefully shutting down
2024/02/08 23:14:06 [notice] 28#28: gracefully shutting down
2024/02/08 23:14:06 [notice] 24#24: exiting
2024/02/08 23:14:06 [notice] 25#25: gracefully shutting down
2024/02/08 23:14:06 [notice] 26#26: exiting
2024/02/08 23:14:06 [notice] 29#29: gracefully shutting down
2024/02/08 23:14:06 [notice] 27#27: exiting
2024/02/08 23:14:06 [notice] 30#30: gracefully shutting down
2024/02/08 23:14:06 [notice] 28#28: exiting
2024/02/08 23:14:06 [notice] 34#34: gracefully shutting down
2024/02/08 23:14:06 [notice] 25#25: exiting
2024/02/08 23:14:06 [notice] 30#30: exiting
2024/02/08 23:14:06 [notice] 29#29: exiting
2024/02/08 23:14:06 [notice] 34#34: exiting
2024/02/08 23:14:06 [notice] 20#20: exit
2024/02/08 23:14:06 [notice] 22#22: exit
2024/02/08 23:14:06 [notice] 21#21: exit
2024/02/08 23:14:06 [notice] 24#24: exit
2024/02/08 23:14:06 [notice] 26#26: exit
2024/02/08 23:14:06 [notice] 27#27: exit
2024/02/08 23:14:06 [notice] 34#34: exit
2024/02/08 23:14:06 [notice] 28#28: exit
2024/02/08 23:14:06 [notice] 30#30: exit
2024/02/08 23:14:06 [notice] 29#29: exit
2024/02/08 23:14:06 [notice] 25#25: exit
2024/02/08 23:14:06 [notice] 35#35: gracefully shutting down
2024/02/08 23:14:06 [notice] 35#35: exiting
2024/02/08 23:14:06 [notice] 31#31: gracefully shutting down
2024/02/08 23:14:06 [notice] 32#32: gracefully shutting down
2024/02/08 23:14:06 [notice] 33#33: gracefully shutting down
2024/02/08 23:14:06 [notice] 32#32: exiting
2024/02/08 23:14:06 [notice] 31#31: exiting
2024/02/08 23:14:06 [notice] 33#33: exiting
2024/02/08 23:14:06 [notice] 35#35: exit
2024/02/08 23:14:06 [notice] 23#23: gracefully shutting down
2024/02/08 23:14:06 [notice] 32#32: exit
2024/02/08 23:14:06 [notice] 23#23: exiting
2024/02/08 23:14:06 [notice] 31#31: exit
2024/02/08 23:14:06 [notice] 33#33: exit
2024/02/08 23:14:06 [notice] 23#23: exit
2024/02/08 23:14:07 [notice] 1#1: signal 17 (SIGCHLD) received from 21
2024/02/08 23:14:07 [notice] 1#1: worker process 21 exited with code 0
2024/02/08 23:14:07 [notice] 1#1: worker process 30 exited with code 0
2024/02/08 23:14:07 [notice] 1#1: worker process 32 exited with code 0
2024/02/08 23:14:07 [notice] 1#1: signal 29 (SIGIO) received
2024/02/08 23:14:07 [notice] 1#1: signal 17 (SIGCHLD) received from 33
2024/02/08 23:14:07 [notice] 1#1: worker process 22 exited with code 0
2024/02/08 23:14:07 [notice] 1#1: worker process 24 exited with code 0
2024/02/08 23:14:07 [notice] 1#1: worker process 26 exited with code 0
2024/02/08 23:14:07 [notice] 1#1: worker process 28 exited with code 0
2024/02/08 23:14:07 [notice] 1#1: worker process 33 exited with code 0
2024/02/08 23:14:07 [notice] 1#1: worker process 34 exited with code 0
2024/02/08 23:14:07 [notice] 1#1: worker process 35 exited with code 0
2024/02/08 23:14:07 [notice] 1#1: signal 29 (SIGIO) received
2024/02/08 23:14:07 [notice] 1#1: signal 17 (SIGCHLD) received from 29
2024/02/08 23:14:07 [notice] 1#1: worker process 20 exited with code 0
2024/02/08 23:14:07 [notice] 1#1: worker process 25 exited with code 0
2024/02/08 23:14:07 [notice] 1#1: worker process 29 exited with code 0
2024/02/08 23:14:07 [notice] 1#1: worker process 31 exited with code 0
2024/02/08 23:14:07 [notice] 1#1: signal 29 (SIGIO) received
2024/02/08 23:14:07 [notice] 1#1: signal 17 (SIGCHLD) received from 23
2024/02/08 23:14:07 [notice] 1#1: worker process 23 exited with code 0
2024/02/08 23:14:07 [notice] 1#1: signal 29 (SIGIO) received
2024/02/08 23:14:07 [notice] 1#1: signal 17 (SIGCHLD) received from 27
2024/02/08 23:14:07 [notice] 1#1: worker process 27 exited with code 0
2024/02/08 23:14:07 [notice] 1#1: exit
2024/02/08 23:15:06 [notice] 1#1: using the "epoll" event method
2024/02/08 23:15:06 [notice] 1#1: nginx/1.23.3
2024/02/08 23:15:06 [notice] 1#1: built by gcc 12.2.1 20220924 (Alpine 12.2.1_git20220924-r4) 
2024/02/08 23:15:06 [notice] 1#1: OS: Linux 5.15.133.1-microsoft-standard-WSL2
2024/02/08 23:15:06 [notice] 1#1: getrlimit(RLIMIT_NOFILE): 1048576:1048576
2024/02/08 23:15:06 [notice] 1#1: start worker processes
2024/02/08 23:15:06 [notice] 1#1: start worker process 20
2024/02/08 23:15:06 [notice] 1#1: start worker process 21
2024/02/08 23:15:06 [notice] 1#1: start worker process 22
2024/02/08 23:15:06 [notice] 1#1: start worker process 23
2024/02/08 23:15:06 [notice] 1#1: start worker process 24
2024/02/08 23:15:06 [notice] 1#1: start worker process 25
2024/02/08 23:15:06 [notice] 1#1: start worker process 26
2024/02/08 23:15:06 [notice] 1#1: start worker process 27
2024/02/08 23:15:06 [notice] 1#1: start worker process 28
2024/02/08 23:15:06 [notice] 1#1: start worker process 29
2024/02/08 23:15:06 [notice] 1#1: start worker process 30
2024/02/08 23:15:06 [notice] 1#1: start worker process 31
2024/02/08 23:15:06 [notice] 1#1: start worker process 32
2024/02/08 23:15:06 [notice] 1#1: start worker process 33
2024/02/08 23:15:06 [notice] 1#1: start worker process 34
2024/02/08 23:15:06 [notice] 1#1: start worker process 35
2024/02/09 00:37:32 [notice] 1#1: signal 3 (SIGQUIT) received, shutting down
2024/02/09 00:37:32 [notice] 21#21: gracefully shutting down
2024/02/09 00:37:32 [notice] 22#22: gracefully shutting down
2024/02/09 00:37:32 [notice] 20#20: gracefully shutting down
2024/02/09 00:37:32 [notice] 23#23: gracefully shutting down
2024/02/09 00:37:32 [notice] 24#24: gracefully shutting down
2024/02/09 00:37:32 [notice] 26#26: gracefully shutting down
2024/02/09 00:37:32 [notice] 25#25: gracefully shutting down
2024/02/09 00:37:32 [notice] 27#27: gracefully shutting down
2024/02/09 00:37:32 [notice] 28#28: gracefully shutting down
2024/02/09 00:37:32 [notice] 29#29: gracefully shutting down
2024/02/09 00:37:32 [notice] 21#21: exiting
2024/02/09 00:37:32 [notice] 20#20: exiting
2024/02/09 00:37:32 [notice] 23#23: exiting
2024/02/09 00:37:32 [notice] 27#27: exiting
2024/02/09 00:37:32 [notice] 22#22: exiting
2024/02/09 00:37:32 [notice] 28#28: exiting
2024/02/09 00:37:32 [notice] 24#24: exiting
2024/02/09 00:37:32 [notice] 30#30: gracefully shutting down
2024/02/09 00:37:32 [notice] 25#25: exiting
2024/02/09 00:37:32 [notice] 28#28: exit
2024/02/09 00:37:32 [notice] 26#26: exiting
2024/02/09 00:37:32 [notice] 20#20: exit
2024/02/09 00:37:32 [notice] 27#27: exit
2024/02/09 00:37:32 [notice] 21#21: exit
2024/02/09 00:37:32 [notice] 22#22: exit
2024/02/09 00:37:32 [notice] 26#26: exit
2024/02/09 00:37:32 [notice] 24#24: exit
2024/02/09 00:37:32 [notice] 23#23: exit
2024/02/09 00:37:32 [notice] 25#25: exit
2024/02/09 00:37:32 [notice] 29#29: exiting
2024/02/09 00:37:32 [notice] 30#30: exiting
2024/02/09 00:37:32 [notice] 29#29: exit
2024/02/09 00:37:32 [notice] 30#30: exit
2024/02/09 00:37:32 [notice] 32#32: gracefully shutting down
2024/02/09 00:37:32 [notice] 31#31: gracefully shutting down
2024/02/09 00:37:32 [notice] 34#34: gracefully shutting down
2024/02/09 00:37:32 [notice] 33#33: gracefully shutting down
2024/02/09 00:37:32 [notice] 35#35: gracefully shutting down
2024/02/09 00:37:32 [notice] 31#31: exiting
2024/02/09 00:37:32 [notice] 33#33: exiting
2024/02/09 00:37:32 [notice] 35#35: exiting
2024/02/09 00:37:32 [notice] 34#34: exiting
2024/02/09 00:37:32 [notice] 33#33: exit
2024/02/09 00:37:32 [notice] 32#32: exiting
2024/02/09 00:37:32 [notice] 32#32: exit
2024/02/09 00:37:32 [notice] 31#31: exit
2024/02/09 00:37:32 [notice] 35#35: exit
2024/02/09 00:37:32 [notice] 34#34: exit
2024/02/09 00:37:32 [notice] 1#1: signal 17 (SIGCHLD) received from 28
2024/02/09 00:37:32 [notice] 1#1: worker process 21 exited with code 0
2024/02/09 00:37:32 [notice] 1#1: worker process 27 exited with code 0
2024/02/09 00:37:32 [notice] 1#1: worker process 28 exited with code 0
2024/02/09 00:37:32 [notice] 1#1: worker process 25 exited with code 0
2024/02/09 00:37:32 [notice] 1#1: worker process 29 exited with code 0
2024/02/09 00:37:32 [notice] 1#1: worker process 30 exited with code 0
2024/02/09 00:37:32 [notice] 1#1: worker process 31 exited with code 0
2024/02/09 00:37:32 [notice] 1#1: worker process 34 exited with code 0
2024/02/09 00:37:32 [notice] 1#1: signal 29 (SIGIO) received
2024/02/09 00:37:32 [notice] 1#1: signal 17 (SIGCHLD) received from 21
2024/02/09 00:37:32 [notice] 1#1: signal 17 (SIGCHLD) received from 35
2024/02/09 00:37:32 [notice] 1#1: worker process 20 exited with code 0
2024/02/09 00:37:32 [notice] 1#1: worker process 35 exited with code 0
2024/02/09 00:37:32 [notice] 1#1: signal 29 (SIGIO) received
2024/02/09 00:37:32 [notice] 1#1: signal 17 (SIGCHLD) received from 26
2024/02/09 00:37:32 [notice] 1#1: worker process 24 exited with code 0
2024/02/09 00:37:32 [notice] 1#1: worker process 26 exited with code 0
2024/02/09 00:37:32 [notice] 1#1: worker process 32 exited with code 0
2024/02/09 00:37:32 [notice] 1#1: signal 29 (SIGIO) received
2024/02/09 00:37:32 [notice] 1#1: signal 17 (SIGCHLD) received from 32
2024/02/09 00:37:32 [notice] 1#1: signal 17 (SIGCHLD) received from 23
2024/02/09 00:37:32 [notice] 1#1: worker process 22 exited with code 0
2024/02/09 00:37:32 [notice] 1#1: worker process 23 exited with code 0
2024/02/09 00:37:32 [notice] 1#1: signal 17 (SIGCHLD) received from 33
2024/02/09 00:37:32 [notice] 1#1: worker process 33 exited with code 0
2024/02/09 00:37:32 [notice] 1#1: exit
2024/02/09 00:37:33 [notice] 1#1: using the "epoll" event method
2024/02/09 00:37:33 [notice] 1#1: nginx/1.23.3
2024/02/09 00:37:33 [notice] 1#1: built by gcc 12.2.1 20220924 (Alpine 12.2.1_git20220924-r4) 
2024/02/09 00:37:33 [notice] 1#1: OS: Linux 5.15.133.1-microsoft-standard-WSL2
2024/02/09 00:37:33 [notice] 1#1: getrlimit(RLIMIT_NOFILE): 1048576:1048576
2024/02/09 00:37:33 [notice] 1#1: start worker processes
2024/02/09 00:37:33 [notice] 1#1: start worker process 20
2024/02/09 00:37:33 [notice] 1#1: start worker process 21
2024/02/09 00:37:33 [notice] 1#1: start worker process 22
2024/02/09 00:37:33 [notice] 1#1: start worker process 23
2024/02/09 00:37:33 [notice] 1#1: start worker process 24
2024/02/09 00:37:33 [notice] 1#1: start worker process 25
2024/02/09 00:37:33 [notice] 1#1: start worker process 26
2024/02/09 00:37:33 [notice] 1#1: start worker process 27
2024/02/09 00:37:33 [notice] 1#1: start worker process 28
2024/02/09 00:37:33 [notice] 1#1: start worker process 29
2024/02/09 00:37:33 [notice] 1#1: start worker process 30
2024/02/09 00:37:33 [notice] 1#1: start worker process 31
2024/02/09 00:37:33 [notice] 1#1: start worker process 32
2024/02/09 00:37:33 [notice] 1#1: start worker process 33
2024/02/09 00:37:33 [notice] 1#1: start worker process 34
2024/02/09 00:37:33 [notice] 1#1: start worker process 35
2024/02/09 17:47:52 [notice] 32#32: signal 15 (SIGTERM) received, exiting
2024/02/09 17:47:52 [notice] 33#33: signal 15 (SIGTERM) received, exiting
2024/02/09 17:47:52 [notice] 33#33: exiting
2024/02/09 17:47:52 [notice] 32#32: exiting
2024/02/09 17:47:52 [notice] 33#33: exit
2024/02/09 17:47:52 [notice] 22#22: signal 15 (SIGTERM) received, exiting
2024/02/09 17:47:52 [notice] 22#22: exiting
2024/02/09 17:47:52 [notice] 21#21: signal 15 (SIGTERM) received, exiting
2024/02/09 17:47:52 [notice] 28#28: signal 15 (SIGTERM) received, exiting
2024/02/09 17:47:52 [notice] 21#21: exiting
2024/02/09 17:47:52 [notice] 28#28: exiting
2024/02/09 17:47:52 [notice] 22#22: exit
2024/02/09 17:47:52 [notice] 35#35: signal 15 (SIGTERM) received, exiting
2024/02/09 17:47:52 [notice] 28#28: exit
2024/02/09 17:47:52 [notice] 21#21: exit
2024/02/09 17:47:52 [notice] 35#35: exiting
2024/02/09 17:47:52 [notice] 35#35: exit
2024/02/09 17:47:52 [notice] 30#30: signal 15 (SIGTERM) received, exiting
2024/02/09 17:47:52 [notice] 30#30: exiting
2024/02/09 17:47:52 [notice] 30#30: exit
2024/02/09 17:47:52 [notice] 1#1: signal 15 (SIGTERM) received, exiting
2024/02/09 17:47:52 [notice] 29#29: signal 15 (SIGTERM) received, exiting
2024/02/09 17:47:52 [notice] 29#29: exiting
2024/02/09 17:47:52 [notice] 25#25: signal 15 (SIGTERM) received, exiting
2024/02/09 17:47:52 [notice] 29#29: exit
2024/02/09 17:47:52 [notice] 32#32: exit
2024/02/09 17:47:52 [notice] 20#20: signal 15 (SIGTERM) received, exiting
2024/02/09 17:47:52 [notice] 23#23: signal 15 (SIGTERM) received, exiting
2024/02/09 17:47:52 [notice] 23#23: exiting
2024/02/09 17:47:52 [notice] 25#25: exiting
2024/02/09 17:47:52 [notice] 25#25: exit
2024/02/09 17:47:52 [notice] 20#20: exiting
2024/02/09 17:47:52 [notice] 34#34: signal 15 (SIGTERM) received, exiting
2024/02/09 17:47:52 [notice] 34#34: exiting
2024/02/09 17:47:52 [notice] 20#20: exit
2024/02/09 17:47:52 [notice] 34#34: exit
2024/02/09 17:47:52 [notice] 26#26: signal 15 (SIGTERM) received, exiting
2024/02/09 17:47:52 [notice] 26#26: exiting
2024/02/09 17:47:52 [notice] 26#26: exit
2024/02/09 17:47:52 [notice] 31#31: signal 15 (SIGTERM) received, exiting
2024/02/09 17:47:52 [notice] 31#31: exiting
2024/02/09 17:47:52 [notice] 31#31: exit
2024/02/09 17:47:52 [notice] 23#23: exit
2024/02/09 17:47:52 [notice] 24#24: signal 15 (SIGTERM) received, exiting
2024/02/09 17:47:52 [notice] 24#24: exiting
2024/02/09 17:47:52 [notice] 24#24: exit
2024/02/09 17:47:52 [notice] 27#27: signal 15 (SIGTERM) received, exiting
2024/02/09 17:47:52 [notice] 27#27: exiting
2024/02/09 17:47:52 [notice] 27#27: exit
2024/02/09 17:47:52 [notice] 1#1: signal 1 (SIGHUP) received, reconfiguring
2024/02/09 17:47:52 [notice] 1#1: signal 14 (SIGALRM) received
2024/02/09 18:05:58 [notice] 1#1: using the "epoll" event method
2024/02/09 18:05:58 [notice] 1#1: nginx/1.23.3
2024/02/09 18:05:58 [notice] 1#1: built by gcc 12.2.1 20220924 (Alpine 12.2.1_git20220924-r4) 
2024/02/09 18:05:58 [notice] 1#1: OS: Linux 5.15.133.1-microsoft-standard-WSL2
2024/02/09 18:05:58 [notice] 1#1: getrlimit(RLIMIT_NOFILE): 1048576:1048576
2024/02/09 18:05:58 [notice] 1#1: start worker processes
2024/02/09 18:05:58 [notice] 1#1: start worker process 20
2024/02/09 18:05:58 [notice] 1#1: start worker process 21
2024/02/09 18:05:58 [notice] 1#1: start worker process 22
2024/02/09 18:05:58 [notice] 1#1: start worker process 23
2024/02/09 18:05:58 [notice] 1#1: start worker process 24
2024/02/09 18:05:58 [notice] 1#1: start worker process 25
2024/02/09 18:05:58 [notice] 1#1: start worker process 26
2024/02/09 18:05:58 [notice] 1#1: start worker process 27
2024/02/09 18:05:58 [notice] 1#1: start worker process 28
2024/02/09 18:05:58 [notice] 1#1: start worker process 29
2024/02/09 18:05:58 [notice] 1#1: start worker process 30
2024/02/09 18:05:58 [notice] 1#1: start worker process 31
2024/02/09 18:05:58 [notice] 1#1: start worker process 32
2024/02/09 18:05:58 [notice] 1#1: start worker process 33
2024/02/09 18:05:58 [notice] 1#1: start worker process 34
2024/02/09 18:05:58 [notice] 1#1: start worker process 35
2024/02/10 13:18:07 [notice] 1#1: using the "epoll" event method
2024/02/10 13:18:07 [notice] 1#1: nginx/1.23.3
2024/02/10 13:18:07 [notice] 1#1: built by gcc 12.2.1 20220924 (Alpine 12.2.1_git20220924-r4) 
2024/02/10 13:18:07 [notice] 1#1: OS: Linux 5.15.133.1-microsoft-standard-WSL2
2024/02/10 13:18:07 [notice] 1#1: getrlimit(RLIMIT_NOFILE): 1048576:1048576
2024/02/10 13:18:07 [notice] 1#1: start worker processes
2024/02/10 13:18:07 [notice] 1#1: start worker process 20
2024/02/10 13:18:07 [notice] 1#1: start worker process 21
2024/02/10 13:18:07 [notice] 1#1: start worker process 22
2024/02/10 13:18:07 [notice] 1#1: start worker process 23
2024/02/10 13:18:07 [notice] 1#1: start worker process 24
2024/02/10 13:18:07 [notice] 1#1: start worker process 25
2024/02/10 13:18:07 [notice] 1#1: start worker process 26
2024/02/10 13:18:07 [notice] 1#1: start worker process 27
2024/02/10 13:18:07 [notice] 1#1: start worker process 28
2024/02/10 13:18:07 [notice] 1#1: start worker process 29
2024/02/10 13:18:07 [notice] 1#1: start worker process 30
2024/02/10 13:18:07 [notice] 1#1: start worker process 31
2024/02/10 13:18:07 [notice] 1#1: start worker process 32
2024/02/10 13:18:07 [notice] 1#1: start worker process 33
2024/02/10 13:18:07 [notice] 1#1: start worker process 34
2024/02/10 13:18:07 [notice] 1#1: start worker process 35
2024/02/11 10:20:40 [notice] 1#1: using the "epoll" event method
2024/02/11 10:20:40 [notice] 1#1: nginx/1.23.3
2024/02/11 10:20:40 [notice] 1#1: built by gcc 12.2.1 20220924 (Alpine 12.2.1_git20220924-r4) 
2024/02/11 10:20:40 [notice] 1#1: OS: Linux 5.15.133.1-microsoft-standard-WSL2
2024/02/11 10:20:40 [notice] 1#1: getrlimit(RLIMIT_NOFILE): 1048576:1048576
2024/02/11 10:20:40 [notice] 1#1: start worker processes
2024/02/11 10:20:40 [notice] 1#1: start worker process 20
2024/02/11 10:20:40 [notice] 1#1: start worker process 21
2024/02/11 10:20:40 [notice] 1#1: start worker process 22
2024/02/11 10:20:40 [notice] 1#1: start worker process 23
2024/02/11 10:20:40 [notice] 1#1: start worker process 24
2024/02/11 10:20:40 [notice] 1#1: start worker process 25
2024/02/11 10:20:40 [notice] 1#1: start worker process 26
2024/02/11 10:20:40 [notice] 1#1: start worker process 27
2024/02/11 10:20:40 [notice] 1#1: start worker process 28
2024/02/11 10:20:40 [notice] 1#1: start worker process 29
2024/02/11 10:20:40 [notice] 1#1: start worker process 30
2024/02/11 10:20:40 [notice] 1#1: start worker process 31
2024/02/11 10:20:40 [notice] 1#1: start worker process 32
2024/02/11 10:20:40 [notice] 1#1: start worker process 33
2024/02/11 10:20:40 [notice] 1#1: start worker process 34
2024/02/11 10:20:40 [notice] 1#1: start worker process 35
